<?xml version="1.0" encoding="UTF-8"?>
<TestRun id="9c142b1b-9056-4382-a98c-e632e1b3877d" name="userc@ALPHA 2016-05-04 19:55:41" runUser="alpha\userc" xmlns="http://microsoft.com/schemas/VisualStudio/TeamTest/2010">
  <TestSettings name="Local" id="260d5a9d-3be1-4d2a-a164-794585e4c982">
    <Description>These are default test settings for a local test run.</Description>
    <Deployment userDeploymentRoot="C:\Users\userc\Dropbox\Alpha c#\XMLDataBase\TestResults" useDefaultDeploymentRoot="false" enabled="false" runDeploymentRoot="userc_ALPHA 2016-05-04 19_55_41">
      <DeploymentItem filename="C:\Users\userc\Dropbox\Alpha c#\XMLDataBase\XMLDataBase\bin\Debug\XMLDataBase.dll" />
    </Deployment>
    <Execution>
      <TestTypeSpecific />
      <AgentRule name="Execution Agents">
      </AgentRule>
    </Execution>
  </TestSettings>
  <Times creation="2016-05-04T19:55:41.3000463+12:00" queuing="2016-05-04T19:55:44.7592442+12:00" start="2016-05-04T19:55:44.9832570+12:00" finish="2016-05-04T19:56:47.6638421+12:00" />
  <ResultSummary outcome="Error">
    <Counters total="1" executed="1" error="0" failed="0" timeout="0" aborted="1" inconclusive="0" passedButRunAborted="0" notRunnable="0" notExecuted="0" disconnected="0" warning="0" passed="0" completed="0" inProgress="0" pending="0" />
    <RunInfos>
      <RunInfo computerName="ALPHA" outcome="Error" timestamp="2016-05-04T19:56:47.6638421+12:00">
        <Text>Test host process exited unexpectedly.</Text>
      </RunInfo>
    </RunInfos>
  </ResultSummary>
  <TestDefinitions>
    <UnitTest name="TestMethod1" storage="c:\users\userc\dropbox\alpha c#\xmldatabase\xmldatabasetest\bin\debug\xmldatabasetest.dll" id="9c654c25-d64f-7a2e-225a-fce8c74a4d4f">
      <Execution id="f2d254ee-6d91-48ab-a26a-47069b6e3b82" />
      <TestMethod codeBase="C:/Users/userc/Dropbox/Alpha c#/XMLDataBase/XMLDataBaseTest/bin/Debug/XMLDataBaseTest.DLL" adapterTypeName="Microsoft.VisualStudio.TestTools.TestTypes.Unit.UnitTestAdapter, Microsoft.VisualStudio.QualityTools.Tips.UnitTest.Adapter, Version=10.0.0.0, Culture=neutral, PublicKeyToken=b03f5f7f11d50a3a" className="XMLDataBaseTest.UnitTest1, XMLDataBaseTest, Version=1.0.0.0, Culture=neutral, PublicKeyToken=null" name="TestMethod1" />
    </UnitTest>
  </TestDefinitions>
  <TestLists>
    <TestList name="Results Not in a List" id="8c84fa94-04c1-424b-9868-57a2d4851a1d" />
    <TestList name="All Loaded Results" id="19431567-8539-422a-85d7-44ee4e166bda" />
  </TestLists>
  <TestEntries>
    <TestEntry testId="9c654c25-d64f-7a2e-225a-fce8c74a4d4f" executionId="f2d254ee-6d91-48ab-a26a-47069b6e3b82" testListId="8c84fa94-04c1-424b-9868-57a2d4851a1d" />
  </TestEntries>
  <Results>
    <UnitTestResult executionId="f2d254ee-6d91-48ab-a26a-47069b6e3b82" testId="9c654c25-d64f-7a2e-225a-fce8c74a4d4f" testName="TestMethod1" computerName="ALPHA" duration="00:01:02.4685730" startTime="2016-05-04T19:55:45.1952691+12:00" endTime="2016-05-04T19:56:47.6638421+12:00" testType="13cdc9d9-ddb5-4fa4-a97d-d965ccfc6d4b" outcome="Aborted" testListId="8c84fa94-04c1-424b-9868-57a2d4851a1d" relativeResultsDirectory="f2d254ee-6d91-48ab-a26a-47069b6e3b82">
    </UnitTestResult>
  </Results>
</TestRun>