<?xml version="1.0" encoding="UTF-8"?>
<TestRun id="48b7ff09-7225-4a68-9bd4-5f210cc19c57" name="userc@ALPHA 2016-05-04 20:04:22" runUser="alpha\userc" xmlns="http://microsoft.com/schemas/VisualStudio/TeamTest/2010">
  <TestSettings name="Local" id="260d5a9d-3be1-4d2a-a164-794585e4c982">
    <Description>These are default test settings for a local test run.</Description>
    <Deployment enabled="false" runDeploymentRoot="userc_ALPHA 2016-05-04 20_04_22">
      <DeploymentItem filename="C:\Users\userc\Dropbox\Alpha c#\XMLDataBase\XMLDataBase\bin\Debug\XMLDataBase.dll" />
    </Deployment>
    <Execution>
      <TestTypeSpecific />
      <AgentRule name="Execution Agents">
      </AgentRule>
    </Execution>
  </TestSettings>
  <Times creation="2016-05-04T20:04:22.0858336+12:00" queuing="2016-05-04T20:04:24.8239902+12:00" start="2016-05-04T20:04:25.0170012+12:00" finish="2016-05-04T20:04:32.2034123+12:00" />
  <ResultSummary outcome="Completed">
    <Counters total="1" executed="1" passed="1" error="0" failed="0" timeout="0" aborted="0" inconclusive="0" passedButRunAborted="0" notRunnable="0" notExecuted="0" disconnected="0" warning="0" completed="0" inProgress="0" pending="0" />
  </ResultSummary>
  <TestDefinitions>
    <UnitTest name="TestMethod1" storage="c:\users\userc\dropbox\alpha c#\xmldatabase\xmldatabasetest\bin\debug\xmldatabasetest.dll" id="9c654c25-d64f-7a2e-225a-fce8c74a4d4f">
      <Execution id="120ef7fd-e2d8-430e-88b9-d5ec776dc739" />
      <TestMethod codeBase="C:/Users/userc/Dropbox/Alpha c#/XMLDataBase/XMLDataBaseTest/bin/Debug/XMLDataBaseTest.DLL" adapterTypeName="Microsoft.VisualStudio.TestTools.TestTypes.Unit.UnitTestAdapter, Microsoft.VisualStudio.QualityTools.Tips.UnitTest.Adapter, Version=10.0.0.0, Culture=neutral, PublicKeyToken=b03f5f7f11d50a3a" className="XMLDataBaseTest.UnitTest1, XMLDataBaseTest, Version=1.0.0.0, Culture=neutral, PublicKeyToken=null" name="TestMethod1" />
    </UnitTest>
  </TestDefinitions>
  <TestLists>
    <TestList name="Results Not in a List" id="8c84fa94-04c1-424b-9868-57a2d4851a1d" />
    <TestList name="All Loaded Results" id="19431567-8539-422a-85d7-44ee4e166bda" />
  </TestLists>
  <TestEntries>
    <TestEntry testId="9c654c25-d64f-7a2e-225a-fce8c74a4d4f" executionId="120ef7fd-e2d8-430e-88b9-d5ec776dc739" testListId="8c84fa94-04c1-424b-9868-57a2d4851a1d" />
  </TestEntries>
  <Results>
    <UnitTestResult executionId="120ef7fd-e2d8-430e-88b9-d5ec776dc739" testId="9c654c25-d64f-7a2e-225a-fce8c74a4d4f" testName="TestMethod1" computerName="ALPHA" duration="00:00:04.2177831" startTime="2016-05-04T20:04:25.2070121+12:00" endTime="2016-05-04T20:04:32.0784051+12:00" testType="13cdc9d9-ddb5-4fa4-a97d-d965ccfc6d4b" outcome="Passed" testListId="8c84fa94-04c1-424b-9868-57a2d4851a1d" relativeResultsDirectory="120ef7fd-e2d8-430e-88b9-d5ec776dc739">
    </UnitTestResult>
  </Results>
</TestRun>