<?xml version="1.0" encoding="UTF-8"?>
<TestRun id="854951de-d89a-471d-a36e-4039403715b5" name="userc@ALPHA 2016-05-04 20:01:08" runUser="alpha\userc" xmlns="http://microsoft.com/schemas/VisualStudio/TeamTest/2010">
  <TestSettings name="Local" id="260d5a9d-3be1-4d2a-a164-794585e4c982">
    <Description>These are default test settings for a local test run.</Description>
    <Deployment enabled="false" runDeploymentRoot="userc_ALPHA 2016-05-04 20_01_08">
      <DeploymentItem filename="C:\Users\userc\Dropbox\Alpha c#\XMLDataBase\XMLDataBase\bin\Debug\XMLDataBase.dll" />
    </Deployment>
    <Execution>
      <TestTypeSpecific />
      <AgentRule name="Execution Agents">
      </AgentRule>
    </Execution>
  </TestSettings>
  <Times creation="2016-05-04T20:01:08.6757711+12:00" queuing="2016-05-04T20:01:09.1747997+12:00" start="2016-05-04T20:01:09.2198023+12:00" finish="2016-05-04T20:01:09.6768284+12:00" />
  <ResultSummary outcome="Failed">
    <Counters total="1" executed="1" error="0" failed="1" timeout="0" aborted="0" inconclusive="0" passedButRunAborted="0" notRunnable="0" notExecuted="0" disconnected="0" warning="0" passed="0" completed="0" inProgress="0" pending="0" />
  </ResultSummary>
  <TestDefinitions>
    <UnitTest name="TestMethod1" storage="c:\users\userc\dropbox\alpha c#\xmldatabase\xmldatabasetest\bin\debug\xmldatabasetest.dll" id="9c654c25-d64f-7a2e-225a-fce8c74a4d4f">
      <Execution id="f27a5cba-30b6-4b8f-bdb4-f5ba686e11d2" />
      <TestMethod codeBase="C:/Users/userc/Dropbox/Alpha c#/XMLDataBase/XMLDataBaseTest/bin/Debug/XMLDataBaseTest.DLL" adapterTypeName="Microsoft.VisualStudio.TestTools.TestTypes.Unit.UnitTestAdapter, Microsoft.VisualStudio.QualityTools.Tips.UnitTest.Adapter, Version=10.0.0.0, Culture=neutral, PublicKeyToken=b03f5f7f11d50a3a" className="XMLDataBaseTest.UnitTest1, XMLDataBaseTest, Version=1.0.0.0, Culture=neutral, PublicKeyToken=null" name="TestMethod1" />
    </UnitTest>
  </TestDefinitions>
  <TestLists>
    <TestList name="Results Not in a List" id="8c84fa94-04c1-424b-9868-57a2d4851a1d" />
    <TestList name="All Loaded Results" id="19431567-8539-422a-85d7-44ee4e166bda" />
  </TestLists>
  <TestEntries>
    <TestEntry testId="9c654c25-d64f-7a2e-225a-fce8c74a4d4f" executionId="f27a5cba-30b6-4b8f-bdb4-f5ba686e11d2" testListId="8c84fa94-04c1-424b-9868-57a2d4851a1d" />
  </TestEntries>
  <Results>
    <UnitTestResult executionId="f27a5cba-30b6-4b8f-bdb4-f5ba686e11d2" testId="9c654c25-d64f-7a2e-225a-fce8c74a4d4f" testName="TestMethod1" computerName="ALPHA" duration="00:00:00.0592089" startTime="2016-05-04T20:01:09.2178021+12:00" endTime="2016-05-04T20:01:09.6528270+12:00" testType="13cdc9d9-ddb5-4fa4-a97d-d965ccfc6d4b" outcome="Failed" testListId="8c84fa94-04c1-424b-9868-57a2d4851a1d" relativeResultsDirectory="f27a5cba-30b6-4b8f-bdb4-f5ba686e11d2">
      <Output>
        <ErrorInfo>
          <Message>Test method XMLDataBaseTest.UnitTest1.TestMethod1 threw exception: 
System.NullReferenceException: Object reference not set to an instance of an object.</Message>
          <StackTrace>    at XMLDataBase.DataBase.CreateDataSet(String ParentNode, String DataSetName) in C:\Users\userc\Dropbox\Alpha c#\XMLDataBase\XMLDataBase\DataBase.cs:line 74
   at XMLDataBase.DataBase.HandleSetData(Data Data, String ParentNode) in C:\Users\userc\Dropbox\Alpha c#\XMLDataBase\XMLDataBase\DataBase.cs:line 38
   at XMLDataBase.DataBase.SetData(Data Data) in C:\Users\userc\Dropbox\Alpha c#\XMLDataBase\XMLDataBase\DataBase.cs:line 31
   at XMLDataBaseTest.UnitTest1.TestMethod1() in C:\Users\userc\Dropbox\Alpha c#\XMLDataBase\XMLDataBaseTest\UnitTest1.cs:line 26
</StackTrace>
        </ErrorInfo>
      </Output>
    </UnitTestResult>
  </Results>
</TestRun>